[35m[Appium][39m No drivers have been installed in C:\Users\yashshvi.a.mittal\OneDrive - Accenture\Documents\auto_repos\webdriverio-appium-team1. Use the "appium driver" command to install the one(s) you want to use.
[35m[Appium][39m No plugins have been installed. Use the "appium plugin" command to install the one(s) you want to use.
[38;5;0m[HTTP][0m [37m-->[39m [37mPOST[39m [37m/session[39m
[38;5;0m[HTTP][0m [90m{"capabilities":{"alwaysMatch":{"platformName":"Android","appium:platformVersion":"10.0","appium:deviceName":"Nexus 6p","appium:automationName":"UIAutomator2","appium:app":"C:\\Users\\yashshvi.a.mittal\\OneDrive - Accenture\\Documents\\auto_repos\\webdriverio-appium-team1\\app\\android\\ColorNote Notepad.apk","appium:autoGrantPermissions":true},"firstMatch":[{}]},"desiredCapabilities":{"platformName":"Android","appium:platformVersion":"10.0","appium:deviceName":"Nexus 6p","appium:automationName":"UIAutomator2","appium:app":"C:\\Users\\yashshvi.a.mittal\\OneDrive - Accenture\\Documents\\auto_repos\\webdriverio-appium-team1\\app\\android\\ColorNote Notepad.apk","appium:autoGrantPermissions":true}}[39m
[debug] [38;5;16m[AppiumDriver@afcd][0m Calling AppiumDriver.createSession() with args: [{"platformName":"Android","appium:platformVersion":"10.0","appium:deviceName":"Nexus 6p","appium:automationName":"UIAutomator2","appium:app":"C:\\Users\\yashshvi.a.mittal\\OneDrive - Accenture\\Documents\\auto_repos\\webdriverio-appium-team1\\app\\android\\ColorNote Notepad.apk","appium:autoGrantPermissions":true},null,{"alwaysMatch":{"platformName":"Android","appium:platformVersion":"10.0","appium:deviceName":"Nexus 6p","appium:automationName":"UIAutomator2","appium:app":"C:\\Users\\yashshvi.a.mittal\\OneDrive - Accenture\\Documents\\auto_repos\\webdriverio-appium-team1\\app\\android\\ColorNote Notepad.apk","appium:autoGrantPermissions":true},"firstMatch":[{}]}]
[debug] [38;5;16m[AppiumDriver@afcd][0m Event 'newSessionRequested' logged at 1709777764441 (21:16:04 GMT-0500 (Eastern Standard Time))
[35m[Appium][39m Attempting to find matching driver for automationName 'UIAutomator2' and platformName 'Android'
[debug] [38;5;16m[AppiumDriver@afcd][0m Event 'newSessionStarted' logged at 1709777764448 (21:16:04 GMT-0500 (Eastern Standard Time))
[debug] [38;5;16m[AppiumDriver@afcd][0m Encountered internal error running command: Error: Could not find a driver for automationName 'UIAutomator2' and platformName 'Android'. Have you installed a driver that supports those capabilities? Run 'appium driver list --installed' to see. (Lower-level error: Could not find installed driver to support given caps)
[debug] [38;5;16m[AppiumDriver@afcd][0m     at DriverConfig.findMatchingDriver (C:\Users\yashshvi.a.mittal\OneDrive - Accenture\Documents\auto_repos\webdriverio-appium-team1\node_modules\appium\lib\extension\driver-config.js:175:13)
[debug] [38;5;16m[AppiumDriver@afcd][0m     at AppiumDriver.createSession (C:\Users\yashshvi.a.mittal\OneDrive - Accenture\Documents\auto_repos\webdriverio-appium-team1\node_modules\appium\lib\appium.js:276:29)
[debug] [38;5;16m[AppiumDriver@afcd][0m     at commandExecutor (C:\Users\yashshvi.a.mittal\OneDrive - Accenture\Documents\auto_repos\webdriverio-appium-team1\node_modules\@appium\base-driver\lib\basedriver\driver.js:122:18)
[debug] [38;5;16m[AppiumDriver@afcd][0m     at AppiumDriver.executeCommand (C:\Users\yashshvi.a.mittal\OneDrive - Accenture\Documents\auto_repos\webdriverio-appium-team1\node_modules\@appium\base-driver\lib\basedriver\driver.js:139:15)
[debug] [38;5;16m[AppiumDriver@afcd][0m     at processTicksAndRejections (node:internal/process/task_queues:95:5)
[debug] [38;5;16m[AppiumDriver@afcd][0m     at defaultBehavior (C:\Users\yashshvi.a.mittal\OneDrive - Accenture\Documents\auto_repos\webdriverio-appium-team1\node_modules\appium\lib\appium.js:681:16)
[debug] [38;5;16m[AppiumDriver@afcd][0m     at AppiumDriver.executeWrappedCommand (C:\Users\yashshvi.a.mittal\OneDrive - Accenture\Documents\auto_repos\webdriverio-appium-team1\node_modules\appium\lib\appium.js:775:16)
[debug] [38;5;16m[AppiumDriver@afcd][0m     at AppiumDriver.executeCommand (C:\Users\yashshvi.a.mittal\OneDrive - Accenture\Documents\auto_repos\webdriverio-appium-team1\node_modules\appium\lib\appium.js:697:17)
[debug] [38;5;16m[AppiumDriver@afcd][0m     at asyncHandler (C:\Users\yashshvi.a.mittal\OneDrive - Accenture\Documents\auto_repos\webdriverio-appium-team1\node_modules\@appium\base-driver\lib\protocol\protocol.js:387:19)
[38;5;0m[HTTP][0m [37m<-- POST /session [39m[31m500[39m [90m95 ms - 1176[39m
[38;5;0m[HTTP][0m [90m[39m
[38;5;0m[HTTP][0m [37m-->[39m [37mPOST[39m [37m/session[39m
[38;5;0m[HTTP][0m [90m{"capabilities":{"alwaysMatch":{"platformName":"Android","appium:platformVersion":"10.0","appium:deviceName":"Nexus 6p","appium:automationName":"UIAutomator2","appium:app":"C:\\Users\\yashshvi.a.mittal\\OneDrive - Accenture\\Documents\\auto_repos\\webdriverio-appium-team1\\app\\android\\ColorNote Notepad.apk","appium:autoGrantPermissions":true},"firstMatch":[{}]},"desiredCapabilities":{"platformName":"Android","appium:platformVersion":"10.0","appium:deviceName":"Nexus 6p","appium:automationName":"UIAutomator2","appium:app":"C:\\Users\\yashshvi.a.mittal\\OneDrive - Accenture\\Documents\\auto_repos\\webdriverio-appium-team1\\app\\android\\ColorNote Notepad.apk","appium:autoGrantPermissions":true}}[39m
[debug] [38;5;16m[AppiumDriver@afcd][0m Calling AppiumDriver.createSession() with args: [{"platformName":"Android","appium:platformVersion":"10.0","appium:deviceName":"Nexus 6p","appium:automationName":"UIAutomator2","appium:app":"C:\\Users\\yashshvi.a.mittal\\OneDrive - Accenture\\Documents\\auto_repos\\webdriverio-appium-team1\\app\\android\\ColorNote Notepad.apk","appium:autoGrantPermissions":true},null,{"alwaysMatch":{"platformName":"Android","appium:platformVersion":"10.0","appium:deviceName":"Nexus 6p","appium:automationName":"UIAutomator2","appium:app":"C:\\Users\\yashshvi.a.mittal\\OneDrive - Accenture\\Documents\\auto_repos\\webdriverio-appium-team1\\app\\android\\ColorNote Notepad.apk","appium:autoGrantPermissions":true},"firstMatch":[{}]}]
[debug] [38;5;16m[AppiumDriver@afcd][0m Event 'newSessionRequested' logged at 1709777764551 (21:16:04 GMT-0500 (Eastern Standard Time))
[35m[Appium][39m Attempting to find matching driver for automationName 'UIAutomator2' and platformName 'Android'
[debug] [38;5;16m[AppiumDriver@afcd][0m Event 'newSessionStarted' logged at 1709777764554 (21:16:04 GMT-0500 (Eastern Standard Time))
[debug] [38;5;16m[AppiumDriver@afcd][0m Encountered internal error running command: Error: Could not find a driver for automationName 'UIAutomator2' and platformName 'Android'. Have you installed a driver that supports those capabilities? Run 'appium driver list --installed' to see. (Lower-level error: Could not find installed driver to support given caps)
[debug] [38;5;16m[AppiumDriver@afcd][0m     at DriverConfig.findMatchingDriver (C:\Users\yashshvi.a.mittal\OneDrive - Accenture\Documents\auto_repos\webdriverio-appium-team1\node_modules\appium\lib\extension\driver-config.js:175:13)
[debug] [38;5;16m[AppiumDriver@afcd][0m     at AppiumDriver.createSession (C:\Users\yashshvi.a.mittal\OneDrive - Accenture\Documents\auto_repos\webdriverio-appium-team1\node_modules\appium\lib\appium.js:276:29)
[debug] [38;5;16m[AppiumDriver@afcd][0m     at commandExecutor (C:\Users\yashshvi.a.mittal\OneDrive - Accenture\Documents\auto_repos\webdriverio-appium-team1\node_modules\@appium\base-driver\lib\basedriver\driver.js:122:18)
[debug] [38;5;16m[AppiumDriver@afcd][0m     at AppiumDriver.executeCommand (C:\Users\yashshvi.a.mittal\OneDrive - Accenture\Documents\auto_repos\webdriverio-appium-team1\node_modules\@appium\base-driver\lib\basedriver\driver.js:139:15)
[debug] [38;5;16m[AppiumDriver@afcd][0m     at processTicksAndRejections (node:internal/process/task_queues:95:5)
[debug] [38;5;16m[AppiumDriver@afcd][0m     at defaultBehavior (C:\Users\yashshvi.a.mittal\OneDrive - Accenture\Documents\auto_repos\webdriverio-appium-team1\node_modules\appium\lib\appium.js:681:16)
[debug] [38;5;16m[AppiumDriver@afcd][0m     at AppiumDriver.executeWrappedCommand (C:\Users\yashshvi.a.mittal\OneDrive - Accenture\Documents\auto_repos\webdriverio-appium-team1\node_modules\appium\lib\appium.js:775:16)
[debug] [38;5;16m[AppiumDriver@afcd][0m     at AppiumDriver.executeCommand (C:\Users\yashshvi.a.mittal\OneDrive - Accenture\Documents\auto_repos\webdriverio-appium-team1\node_modules\appium\lib\appium.js:697:17)
[debug] [38;5;16m[AppiumDriver@afcd][0m     at asyncHandler (C:\Users\yashshvi.a.mittal\OneDrive - Accenture\Documents\auto_repos\webdriverio-appium-team1\node_modules\@appium\base-driver\lib\protocol\protocol.js:387:19)
[38;5;0m[HTTP][0m [37m<-- POST /session [39m[31m500[39m [90m8 ms - 1176[39m
[38;5;0m[HTTP][0m [90m[39m
[38;5;0m[HTTP][0m [37m-->[39m [37mPOST[39m [37m/session[39m
[38;5;0m[HTTP][0m [90m{"capabilities":{"alwaysMatch":{"platformName":"Android","appium:platformVersion":"10.0","appium:deviceName":"Nexus 6p","appium:automationName":"UIAutomator2","appium:app":"C:\\Users\\yashshvi.a.mittal\\OneDrive - Accenture\\Documents\\auto_repos\\webdriverio-appium-team1\\app\\android\\ColorNote Notepad.apk","appium:autoGrantPermissions":true},"firstMatch":[{}]},"desiredCapabilities":{"platformName":"Android","appium:platformVersion":"10.0","appium:deviceName":"Nexus 6p","appium:automationName":"UIAutomator2","appium:app":"C:\\Users\\yashshvi.a.mittal\\OneDrive - Accenture\\Documents\\auto_repos\\webdriverio-appium-team1\\app\\android\\ColorNote Notepad.apk","appium:autoGrantPermissions":true}}[39m
[debug] [38;5;16m[AppiumDriver@afcd][0m Calling AppiumDriver.createSession() with args: [{"platformName":"Android","appium:platformVersion":"10.0","appium:deviceName":"Nexus 6p","appium:automationName":"UIAutomator2","appium:app":"C:\\Users\\yashshvi.a.mittal\\OneDrive - Accenture\\Documents\\auto_repos\\webdriverio-appium-team1\\app\\android\\ColorNote Notepad.apk","appium:autoGrantPermissions":true},null,{"alwaysMatch":{"platformName":"Android","appium:platformVersion":"10.0","appium:deviceName":"Nexus 6p","appium:automationName":"UIAutomator2","appium:app":"C:\\Users\\yashshvi.a.mittal\\OneDrive - Accenture\\Documents\\auto_repos\\webdriverio-appium-team1\\app\\android\\ColorNote Notepad.apk","appium:autoGrantPermissions":true},"firstMatch":[{}]}]
[debug] [38;5;16m[AppiumDriver@afcd][0m Event 'newSessionRequested' logged at 1709777764569 (21:16:04 GMT-0500 (Eastern Standard Time))
[35m[Appium][39m Attempting to find matching driver for automationName 'UIAutomator2' and platformName 'Android'
[debug] [38;5;16m[AppiumDriver@afcd][0m Event 'newSessionStarted' logged at 1709777764572 (21:16:04 GMT-0500 (Eastern Standard Time))
[debug] [38;5;16m[AppiumDriver@afcd][0m Encountered internal error running command: Error: Could not find a driver for automationName 'UIAutomator2' and platformName 'Android'. Have you installed a driver that supports those capabilities? Run 'appium driver list --installed' to see. (Lower-level error: Could not find installed driver to support given caps)
[debug] [38;5;16m[AppiumDriver@afcd][0m     at DriverConfig.findMatchingDriver (C:\Users\yashshvi.a.mittal\OneDrive - Accenture\Documents\auto_repos\webdriverio-appium-team1\node_modules\appium\lib\extension\driver-config.js:175:13)
[debug] [38;5;16m[AppiumDriver@afcd][0m     at AppiumDriver.createSession (C:\Users\yashshvi.a.mittal\OneDrive - Accenture\Documents\auto_repos\webdriverio-appium-team1\node_modules\appium\lib\appium.js:276:29)
[debug] [38;5;16m[AppiumDriver@afcd][0m     at commandExecutor (C:\Users\yashshvi.a.mittal\OneDrive - Accenture\Documents\auto_repos\webdriverio-appium-team1\node_modules\@appium\base-driver\lib\basedriver\driver.js:122:18)
[debug] [38;5;16m[AppiumDriver@afcd][0m     at AppiumDriver.executeCommand (C:\Users\yashshvi.a.mittal\OneDrive - Accenture\Documents\auto_repos\webdriverio-appium-team1\node_modules\@appium\base-driver\lib\basedriver\driver.js:139:15)
[debug] [38;5;16m[AppiumDriver@afcd][0m     at processTicksAndRejections (node:internal/process/task_queues:95:5)
[debug] [38;5;16m[AppiumDriver@afcd][0m     at defaultBehavior (C:\Users\yashshvi.a.mittal\OneDrive - Accenture\Documents\auto_repos\webdriverio-appium-team1\node_modules\appium\lib\appium.js:681:16)
[debug] [38;5;16m[AppiumDriver@afcd][0m     at AppiumDriver.executeWrappedCommand (C:\Users\yashshvi.a.mittal\OneDrive - Accenture\Documents\auto_repos\webdriverio-appium-team1\node_modules\appium\lib\appium.js:775:16)
[debug] [38;5;16m[AppiumDriver@afcd][0m     at AppiumDriver.executeCommand (C:\Users\yashshvi.a.mittal\OneDrive - Accenture\Documents\auto_repos\webdriverio-appium-team1\node_modules\appium\lib\appium.js:697:17)
[debug] [38;5;16m[AppiumDriver@afcd][0m     at asyncHandler (C:\Users\yashshvi.a.mittal\OneDrive - Accenture\Documents\auto_repos\webdriverio-appium-team1\node_modules\@appium\base-driver\lib\protocol\protocol.js:387:19)
[38;5;0m[HTTP][0m [37m<-- POST /session [39m[31m500[39m [90m9 ms - 1176[39m
[38;5;0m[HTTP][0m [90m[39m
[38;5;0m[HTTP][0m [37m-->[39m [37mPOST[39m [37m/session[39m
[38;5;0m[HTTP][0m [90m{"capabilities":{"alwaysMatch":{"platformName":"Android","appium:platformVersion":"10.0","appium:deviceName":"Nexus 6p","appium:automationName":"UIAutomator2","appium:app":"C:\\Users\\yashshvi.a.mittal\\OneDrive - Accenture\\Documents\\auto_repos\\webdriverio-appium-team1\\app\\android\\ColorNote Notepad.apk","appium:autoGrantPermissions":true},"firstMatch":[{}]},"desiredCapabilities":{"platformName":"Android","appium:platformVersion":"10.0","appium:deviceName":"Nexus 6p","appium:automationName":"UIAutomator2","appium:app":"C:\\Users\\yashshvi.a.mittal\\OneDrive - Accenture\\Documents\\auto_repos\\webdriverio-appium-team1\\app\\android\\ColorNote Notepad.apk","appium:autoGrantPermissions":true}}[39m
[debug] [38;5;16m[AppiumDriver@afcd][0m Calling AppiumDriver.createSession() with args: [{"platformName":"Android","appium:platformVersion":"10.0","appium:deviceName":"Nexus 6p","appium:automationName":"UIAutomator2","appium:app":"C:\\Users\\yashshvi.a.mittal\\OneDrive - Accenture\\Documents\\auto_repos\\webdriverio-appium-team1\\app\\android\\ColorNote Notepad.apk","appium:autoGrantPermissions":true},null,{"alwaysMatch":{"platformName":"Android","appium:platformVersion":"10.0","appium:deviceName":"Nexus 6p","appium:automationName":"UIAutomator2","appium:app":"C:\\Users\\yashshvi.a.mittal\\OneDrive - Accenture\\Documents\\auto_repos\\webdriverio-appium-team1\\app\\android\\ColorNote Notepad.apk","appium:autoGrantPermissions":true},"firstMatch":[{}]}]
[debug] [38;5;16m[AppiumDriver@afcd][0m Event 'newSessionRequested' logged at 1709777764585 (21:16:04 GMT-0500 (Eastern Standard Time))
[35m[Appium][39m Attempting to find matching driver for automationName 'UIAutomator2' and platformName 'Android'
[debug] [38;5;16m[AppiumDriver@afcd][0m Event 'newSessionStarted' logged at 1709777764587 (21:16:04 GMT-0500 (Eastern Standard Time))
[debug] [38;5;16m[AppiumDriver@afcd][0m Encountered internal error running command: Error: Could not find a driver for automationName 'UIAutomator2' and platformName 'Android'. Have you installed a driver that supports those capabilities? Run 'appium driver list --installed' to see. (Lower-level error: Could not find installed driver to support given caps)
[debug] [38;5;16m[AppiumDriver@afcd][0m     at DriverConfig.findMatchingDriver (C:\Users\yashshvi.a.mittal\OneDrive - Accenture\Documents\auto_repos\webdriverio-appium-team1\node_modules\appium\lib\extension\driver-config.js:175:13)
[debug] [38;5;16m[AppiumDriver@afcd][0m     at AppiumDriver.createSession (C:\Users\yashshvi.a.mittal\OneDrive - Accenture\Documents\auto_repos\webdriverio-appium-team1\node_modules\appium\lib\appium.js:276:29)
[debug] [38;5;16m[AppiumDriver@afcd][0m     at commandExecutor (C:\Users\yashshvi.a.mittal\OneDrive - Accenture\Documents\auto_repos\webdriverio-appium-team1\node_modules\@appium\base-driver\lib\basedriver\driver.js:122:18)
[debug] [38;5;16m[AppiumDriver@afcd][0m     at AppiumDriver.executeCommand (C:\Users\yashshvi.a.mittal\OneDrive - Accenture\Documents\auto_repos\webdriverio-appium-team1\node_modules\@appium\base-driver\lib\basedriver\driver.js:139:15)
[debug] [38;5;16m[AppiumDriver@afcd][0m     at processTicksAndRejections (node:internal/process/task_queues:95:5)
[debug] [38;5;16m[AppiumDriver@afcd][0m     at defaultBehavior (C:\Users\yashshvi.a.mittal\OneDrive - Accenture\Documents\auto_repos\webdriverio-appium-team1\node_modules\appium\lib\appium.js:681:16)
[debug] [38;5;16m[AppiumDriver@afcd][0m     at AppiumDriver.executeWrappedCommand (C:\Users\yashshvi.a.mittal\OneDrive - Accenture\Documents\auto_repos\webdriverio-appium-team1\node_modules\appium\lib\appium.js:775:16)
[debug] [38;5;16m[AppiumDriver@afcd][0m     at AppiumDriver.executeCommand (C:\Users\yashshvi.a.mittal\OneDrive - Accenture\Documents\auto_repos\webdriverio-appium-team1\node_modules\appium\lib\appium.js:697:17)
[debug] [38;5;16m[AppiumDriver@afcd][0m     at asyncHandler (C:\Users\yashshvi.a.mittal\OneDrive - Accenture\Documents\auto_repos\webdriverio-appium-team1\node_modules\@appium\base-driver\lib\protocol\protocol.js:387:19)
[38;5;0m[HTTP][0m [37m<-- POST /session [39m[31m500[39m [90m7 ms - 1176[39m
[38;5;0m[HTTP][0m [90m[39m
